<?xml version="1.0" ?>
<!DOCTYPE coverage SYSTEM "http://cobertura.sourceforge.net/xml/coverage-04.dtd">
<coverage lines-valid="530" lines-covered="431" line-rate="0.8131999999999999" branches-valid="203" branches-covered="138" branch-rate="0.6798000000000001" timestamp="1770418336802" complexity="0" version="0.1">
  <sources>
    <source>/Users/varagave/Documents/GitHub/aws-actions/aws-elasticbeanstalk-deploy/aws-elasticbeanstalk-deploy</source>
  </sources>
  <packages>
    <package name="src" line-rate="0.8401000000000001" branch-rate="0.6798000000000001">
      <classes>
        <class name="aws-clients.ts" filename="src/aws-clients.ts" line-rate="0.8887999999999999" branch-rate="1">
          <methods>
            <method name="(anonymous_0)" hits="3" signature="()V">
              <lines>
                <line number="18" hits="3"/>
              </lines>
            </method>
            <method name="(anonymous_1)" hits="60" signature="()V">
              <lines>
                <line number="28" hits="60"/>
              </lines>
            </method>
            <method name="(anonymous_2)" hits="0" signature="()V">
              <lines>
                <line number="38" hits="0"/>
              </lines>
            </method>
            <method name="(anonymous_3)" hits="42" signature="()V">
              <lines>
                <line number="42" hits="42"/>
              </lines>
            </method>
            <method name="(anonymous_4)" hits="47" signature="()V">
              <lines>
                <line number="46" hits="47"/>
              </lines>
            </method>
            <method name="(anonymous_5)" hits="8" signature="()V">
              <lines>
                <line number="50" hits="8"/>
              </lines>
            </method>
            <method name="(anonymous_6)" hits="0" signature="()V">
              <lines>
                <line number="54" hits="0"/>
              </lines>
            </method>
          </methods>
          <lines>
            <line number="1" hits="3" branch="false"/>
            <line number="2" hits="3" branch="false"/>
            <line number="3" hits="3" branch="false"/>
            <line number="4" hits="3" branch="false"/>
            <line number="10" hits="3" branch="false"/>
            <line number="11" hits="3" branch="false"/>
            <line number="19" hits="3" branch="false"/>
            <line number="20" hits="3" branch="false"/>
            <line number="21" hits="3" branch="false"/>
            <line number="22" hits="3" branch="false"/>
            <line number="29" hits="60" branch="true" condition-coverage="100% (1/1)"/>
            <line number="30" hits="3" branch="false"/>
            <line number="32" hits="60" branch="false"/>
            <line number="39" hits="0" branch="false"/>
            <line number="43" hits="42" branch="false"/>
            <line number="47" hits="47" branch="false"/>
            <line number="51" hits="8" branch="false"/>
            <line number="55" hits="0" branch="false"/>
          </lines>
        </class>
        <class name="aws-operations.ts" filename="src/aws-operations.ts" line-rate="0.9506" branch-rate="0.7678">
          <methods>
            <method name="validateOptionSettingsForCreate" hits="1" signature="()V">
              <lines>
                <line number="25" hits="1"/>
              </lines>
            </method>
            <method name="retryWithBackoff" hits="38" signature="()V">
              <lines>
                <line number="92" hits="38"/>
              </lines>
            </method>
            <method name="(anonymous_8)" hits="12" signature="()V">
              <lines>
                <line number="109" hits="12"/>
              </lines>
            </method>
            <method name="getAwsAccountId" hits="6" signature="()V">
              <lines>
                <line number="122" hits="6"/>
              </lines>
            </method>
            <method name="(anonymous_10)" hits="8" signature="()V">
              <lines>
                <line number="128" hits="8"/>
              </lines>
            </method>
            <method name="applicationVersionExists" hits="5" signature="()V">
              <lines>
                <line number="142" hits="5"/>
              </lines>
            </method>
            <method name="getVersionS3Location" hits="5" signature="()V">
              <lines>
                <line number="164" hits="5"/>
              </lines>
            </method>
            <method name="environmentExists" hits="8" signature="()V">
              <lines>
                <line number="201" hits="8"/>
              </lines>
            </method>
            <method name="verifyBucketOwnership" hits="14" signature="()V">
              <lines>
                <line number="235" hits="14"/>
              </lines>
            </method>
            <method name="(anonymous_15)" hits="14" signature="()V">
              <lines>
                <line number="248" hits="14"/>
              </lines>
            </method>
            <method name="(anonymous_16)" hits="14" signature="()V">
              <lines>
                <line number="252" hits="14"/>
              </lines>
            </method>
            <method name="uploadToS3" hits="12" signature="()V">
              <lines>
                <line number="264" hits="12"/>
              </lines>
            </method>
            <method name="(anonymous_18)" hits="13" signature="()V">
              <lines>
                <line number="303" hits="13"/>
              </lines>
            </method>
            <method name="createS3Bucket" hits="10" signature="()V">
              <lines>
                <line number="325" hits="10"/>
              </lines>
            </method>
            <method name="(anonymous_20)" hits="10" signature="()V">
              <lines>
                <line number="344" hits="10"/>
              </lines>
            </method>
            <method name="createApplicationVersion" hits="6" signature="()V">
              <lines>
                <line number="371" hits="6"/>
              </lines>
            </method>
            <method name="(anonymous_22)" hits="7" signature="()V">
              <lines>
                <line number="384" hits="7"/>
              </lines>
            </method>
            <method name="updateEnvironment" hits="5" signature="()V">
              <lines>
                <line number="409" hits="5"/>
              </lines>
            </method>
            <method name="(anonymous_24)" hits="4" signature="()V">
              <lines>
                <line number="439" hits="4"/>
              </lines>
            </method>
            <method name="createEnvironment" hits="3" signature="()V">
              <lines>
                <line number="469" hits="3"/>
              </lines>
            </method>
            <method name="(anonymous_26)" hits="3" signature="()V">
              <lines>
                <line number="485" hits="3"/>
              </lines>
            </method>
            <method name="getEnvironmentInfo" hits="5" signature="()V">
              <lines>
                <line number="516" hits="5"/>
              </lines>
            </method>
          </methods>
          <lines>
            <line number="1" hits="3" branch="false"/>
            <line number="2" hits="3" branch="false"/>
            <line number="9" hits="3" branch="false"/>
            <line number="10" hits="3" branch="false"/>
            <line number="11" hits="3" branch="false"/>
            <line number="12" hits="3" branch="false"/>
            <line number="14" hits="3" branch="false"/>
            <line number="20" hits="3" branch="false"/>
            <line number="25" hits="3" branch="false"/>
            <line number="26" hits="1" branch="true" condition-coverage="0% (0/1)"/>
            <line number="27" hits="0" branch="false"/>
            <line number="30" hits="1" branch="false"/>
            <line number="32" hits="1" branch="false"/>
            <line number="33" hits="1" branch="false"/>
            <line number="35" hits="1" branch="false"/>
            <line number="36" hits="2" branch="true" condition-coverage="100% (3/3)"/>
            <line number="38" hits="1" branch="false"/>
            <line number="41" hits="2" branch="true" condition-coverage="100% (3/3)"/>
            <line number="43" hits="1" branch="false"/>
            <line number="47" hits="1" branch="true" condition-coverage="0% (0/1)"/>
            <line number="48" hits="0" branch="false"/>
            <line number="51" hits="1" branch="true" condition-coverage="0% (0/1)"/>
            <line number="52" hits="0" branch="false"/>
            <line number="60" hits="3" branch="false"/>
            <line number="92" hits="3" branch="false"/>
            <line number="100" hits="38" branch="false"/>
            <line number="101" hits="50" branch="false"/>
            <line number="102" hits="50" branch="false"/>
            <line number="104" hits="19" branch="false"/>
            <line number="106" hits="19" branch="true" condition-coverage="100% (1/1)"/>
            <line number="107" hits="12" branch="false"/>
            <line number="108" hits="12" branch="false"/>
            <line number="109" hits="12" branch="false"/>
            <line number="114" hits="7" branch="false"/>
            <line number="115" hits="7" branch="false"/>
            <line number="116" hits="7" branch="false"/>
            <line number="122" hits="3" branch="false"/>
            <line number="127" hits="6" branch="false"/>
            <line number="129" hits="8" branch="false"/>
            <line number="130" hits="8" branch="false"/>
            <line number="131" hits="5" branch="false"/>
            <line number="142" hits="3" branch="false"/>
            <line number="147" hits="5" branch="false"/>
            <line number="148" hits="5" branch="false"/>
            <line number="153" hits="5" branch="false"/>
            <line number="154" hits="4" branch="true" condition-coverage="100% (2/2)"/>
            <line number="156" hits="1" branch="false"/>
            <line number="157" hits="1" branch="false"/>
            <line number="164" hits="3" branch="false"/>
            <line number="169" hits="5" branch="false"/>
            <line number="170" hits="5" branch="false"/>
            <line number="175" hits="5" branch="false"/>
            <line number="177" hits="5" branch="true" condition-coverage="100% (3/3)"/>
            <line number="178" hits="1" branch="false"/>
            <line number="181" hits="4" branch="false"/>
            <line number="182" hits="4" branch="false"/>
            <line number="183" hits="4" branch="false"/>
            <line number="185" hits="4" branch="true" condition-coverage="100% (3/3)"/>
            <line number="186" hits="2" branch="false"/>
            <line number="192" hits="2" branch="false"/>
            <line number="194" hits="3" branch="false"/>
            <line number="201" hits="3" branch="false"/>
            <line number="206" hits="8" branch="false"/>
            <line number="207" hits="8" branch="false"/>
            <line number="212" hits="8" branch="false"/>
            <line number="214" hits="7" branch="true" condition-coverage="100% (3/3)"/>
            <line number="215" hits="4" branch="false"/>
            <line number="216" hits="4" branch="false"/>
            <line number="217" hits="4" branch="false"/>
            <line number="218" hits="4" branch="false"/>
            <line number="220" hits="4" branch="false"/>
            <line number="221" hits="4" branch="false"/>
            <line number="224" hits="3" branch="false"/>
            <line number="225" hits="3" branch="false"/>
            <line number="227" hits="1" branch="false"/>
            <line number="228" hits="1" branch="false"/>
            <line number="235" hits="3" branch="false"/>
            <line number="240" hits="14" branch="false"/>
            <line number="245" hits="14" branch="false"/>
            <line number="248" hits="14" branch="false"/>
            <line number="249" hits="14" branch="false"/>
            <line number="252" hits="14" branch="false"/>
            <line number="253" hits="14" branch="true" condition-coverage="100% (2/2)"/>
            <line number="256" hits="14" branch="true" condition-coverage="0% (0/1)"/>
            <line number="257" hits="0" branch="false"/>
            <line number="264" hits="3" branch="false"/>
            <line number="276" hits="12" branch="true" condition-coverage="100% (2/2)"/>
            <line number="277" hits="12" branch="false"/>
            <line number="278" hits="12" branch="false"/>
            <line number="281" hits="12" branch="false"/>
            <line number="282" hits="12" branch="false"/>
            <line number="283" hits="12" branch="false"/>
            <line number="285" hits="12" branch="true" condition-coverage="100% (1/1)"/>
            <line number="286" hits="2" branch="false"/>
            <line number="287" hits="2" branch="false"/>
            <line number="293" hits="10" branch="true" condition-coverage="100% (2/2)"/>
            <line number="294" hits="3" branch="false"/>
            <line number="296" hits="7" branch="false"/>
            <line number="299" hits="10" branch="false"/>
            <line number="300" hits="10" branch="false"/>
            <line number="302" hits="10" branch="false"/>
            <line number="304" hits="13" branch="false"/>
            <line number="305" hits="13" branch="false"/>
            <line number="311" hits="13" branch="false"/>
            <line number="318" hits="8" branch="false"/>
            <line number="319" hits="8" branch="false"/>
            <line number="325" hits="3" branch="false"/>
            <line number="333" hits="10" branch="false"/>
            <line number="335" hits="10" branch="false"/>
            <line number="336" hits="10" branch="false"/>
            <line number="337" hits="10" branch="false"/>
            <line number="338" hits="4" branch="false"/>
            <line number="339" hits="4" branch="false"/>
            <line number="341" hits="6" branch="false"/>
            <line number="343" hits="6" branch="false"/>
            <line number="345" hits="10" branch="true" condition-coverage="100% (2/2)"/>
            <line number="354" hits="10" branch="false"/>
            <line number="361" hits="3" branch="false"/>
            <line number="365" hits="7" branch="false"/>
            <line number="371" hits="3" branch="false"/>
            <line number="381" hits="6" branch="false"/>
            <line number="383" hits="6" branch="false"/>
            <line number="385" hits="7" branch="false"/>
            <line number="396" hits="7" branch="false"/>
            <line number="403" hits="6" branch="false"/>
            <line number="409" hits="3" branch="false"/>
            <line number="420" hits="5" branch="false"/>
            <line number="426" hits="5" branch="false"/>
            <line number="427" hits="5" branch="true" condition-coverage="100% (1/1)"/>
            <line number="428" hits="4" branch="false"/>
            <line number="429" hits="4" branch="false"/>
            <line number="430" hits="3" branch="true" condition-coverage="100% (1/1)"/>
            <line number="431" hits="3" branch="false"/>
            <line number="434" hits="1" branch="false"/>
            <line number="438" hits="4" branch="false"/>
            <line number="440" hits="4" branch="false"/>
            <line number="448" hits="4" branch="true" condition-coverage="50% (1/2)"/>
            <line number="449" hits="4" branch="false"/>
            <line number="450" hits="0" branch="true" condition-coverage="0% (0/1)"/>
            <line number="451" hits="0" branch="false"/>
            <line number="454" hits="4" branch="false"/>
            <line number="456" hits="4" branch="false"/>
            <line number="463" hits="4" branch="false"/>
            <line number="469" hits="3" branch="false"/>
            <line number="480" hits="3" branch="false"/>
            <line number="482" hits="3" branch="false"/>
            <line number="484" hits="3" branch="false"/>
            <line number="486" hits="3" branch="false"/>
            <line number="495" hits="3" branch="true" condition-coverage="50% (1/2)"/>
            <line number="496" hits="3" branch="false"/>
            <line number="497" hits="0" branch="true" condition-coverage="0% (0/1)"/>
            <line number="498" hits="0" branch="false"/>
            <line number="501" hits="3" branch="false"/>
            <line number="503" hits="3" branch="false"/>
            <line number="510" hits="3" branch="false"/>
            <line number="516" hits="3" branch="false"/>
            <line number="521" hits="5" branch="false"/>
            <line number="526" hits="5" branch="false"/>
            <line number="528" hits="5" branch="true" condition-coverage="100% (3/3)"/>
            <line number="529" hits="1" branch="false"/>
            <line number="532" hits="4" branch="false"/>
            <line number="534" hits="4" branch="false"/>
          </lines>
        </class>
        <class name="deploymentpackage.ts" filename="src/deploymentpackage.ts" line-rate="1" branch-rate="1">
          <methods>
            <method name="createDeploymentPackage" hits="6" signature="()V">
              <lines>
                <line number="12" hits="6"/>
              </lines>
            </method>
            <method name="(anonymous_8)" hits="6" signature="()V">
              <lines>
                <line number="28" hits="6"/>
              </lines>
            </method>
            <method name="(anonymous_9)" hits="6" signature="()V">
              <lines>
                <line number="29" hits="6"/>
              </lines>
            </method>
            <method name="createZipFile" hits="5" signature="()V">
              <lines>
                <line number="41" hits="5"/>
              </lines>
            </method>
            <method name="(anonymous_11)" hits="5" signature="()V">
              <lines>
                <line number="42" hits="5"/>
              </lines>
            </method>
            <method name="(anonymous_12)" hits="5" signature="()V">
              <lines>
                <line number="46" hits="5"/>
              </lines>
            </method>
          </methods>
          <lines>
            <line number="1" hits="1" branch="false"/>
            <line number="2" hits="1" branch="false"/>
            <line number="3" hits="1" branch="false"/>
            <line number="12" hits="1" branch="false"/>
            <line number="19" hits="6" branch="true" condition-coverage="100% (4/4)"/>
            <line number="20" hits="1" branch="false"/>
            <line number="21" hits="1" branch="false"/>
            <line number="23" hits="5" branch="false"/>
            <line number="24" hits="5" branch="false"/>
            <line number="26" hits="5" branch="false"/>
            <line number="28" hits="6" branch="false"/>
            <line number="29" hits="6" branch="false"/>
            <line number="31" hits="5" branch="false"/>
            <line number="32" hits="5" branch="false"/>
            <line number="35" hits="6" branch="false"/>
            <line number="42" hits="5" branch="false"/>
            <line number="43" hits="5" branch="false"/>
            <line number="44" hits="5" branch="false"/>
            <line number="46" hits="5" branch="false"/>
            <line number="47" hits="5" branch="false"/>
            <line number="49" hits="5" branch="false"/>
            <line number="50" hits="5" branch="false"/>
            <line number="51" hits="5" branch="false"/>
          </lines>
        </class>
        <class name="main.ts" filename="src/main.ts" line-rate="0.9222" branch-rate="0.7272">
          <methods>
            <method name="run" hits="6" signature="()V">
              <lines>
                <line number="19" hits="6"/>
              </lines>
            </method>
          </methods>
          <lines>
            <line number="1" hits="1" branch="false"/>
            <line number="2" hits="1" branch="false"/>
            <line number="3" hits="1" branch="false"/>
            <line number="4" hits="1" branch="false"/>
            <line number="5" hits="1" branch="false"/>
            <line number="17" hits="1" branch="false"/>
            <line number="19" hits="1" branch="false"/>
            <line number="20" hits="6" branch="false"/>
            <line number="22" hits="6" branch="false"/>
            <line number="23" hits="6" branch="false"/>
            <line number="25" hits="6" branch="false"/>
            <line number="26" hits="6" branch="true" condition-coverage="100% (1/1)"/>
            <line number="27" hits="1" branch="false"/>
            <line number="37" hits="5" branch="false"/>
            <line number="39" hits="5" branch="false"/>
            <line number="40" hits="5" branch="false"/>
            <line number="41" hits="5" branch="false"/>
            <line number="42" hits="5" branch="false"/>
            <line number="43" hits="5" branch="false"/>
            <line number="44" hits="5" branch="false"/>
            <line number="47" hits="5" branch="false"/>
            <line number="49" hits="5" branch="false"/>
            <line number="50" hits="5" branch="false"/>
            <line number="51" hits="4" branch="false"/>
            <line number="52" hits="4" branch="false"/>
            <line number="54" hits="4" branch="false"/>
            <line number="55" hits="4" branch="false"/>
            <line number="60" hits="4" branch="false"/>
            <line number="65" hits="4" branch="true" condition-coverage="100% (2/2)"/>
            <line number="67" hits="4" branch="true" condition-coverage="100% (2/2)"/>
            <line number="68" hits="3" branch="false"/>
            <line number="69" hits="3" branch="false"/>
            <line number="81" hits="3" branch="false"/>
            <line number="82" hits="3" branch="false"/>
            <line number="83" hits="3" branch="false"/>
            <line number="85" hits="3" branch="false"/>
            <line number="86" hits="3" branch="false"/>
            <line number="96" hits="3" branch="false"/>
            <line number="98" hits="1" branch="false"/>
            <line number="99" hits="1" branch="false"/>
            <line number="100" hits="1" branch="false"/>
            <line number="101" hits="1" branch="false"/>
            <line number="102" hits="1" branch="false"/>
            <line number="103" hits="1" branch="false"/>
            <line number="106" hits="4" branch="false"/>
            <line number="107" hits="4" branch="false"/>
            <line number="112" hits="4" branch="false"/>
            <line number="115" hits="4" branch="false"/>
            <line number="117" hits="4" branch="true" condition-coverage="100% (2/2)"/>
            <line number="118" hits="2" branch="false"/>
            <line number="119" hits="2" branch="false"/>
            <line number="130" hits="2" branch="false"/>
            <line number="131" hits="2" branch="false"/>
            <line number="133" hits="2" branch="true" condition-coverage="100% (1/1)"/>
            <line number="134" hits="1" branch="false"/>
            <line number="138" hits="1" branch="false"/>
            <line number="140" hits="1" branch="false"/>
            <line number="142" hits="1" branch="false"/>
            <line number="153" hits="1" branch="false"/>
            <line number="154" hits="1" branch="false"/>
            <line number="158" hits="3" branch="true" condition-coverage="0% (0/1)"/>
            <line number="159" hits="0" branch="false"/>
            <line number="160" hits="0" branch="false"/>
            <line number="161" hits="0" branch="false"/>
            <line number="163" hits="3" branch="true" condition-coverage="0% (0/1)"/>
            <line number="164" hits="0" branch="false"/>
            <line number="165" hits="0" branch="false"/>
            <line number="166" hits="0" branch="false"/>
            <line number="169" hits="3" branch="false"/>
            <line number="171" hits="3" branch="false"/>
            <line number="172" hits="3" branch="false"/>
            <line number="173" hits="3" branch="false"/>
            <line number="174" hits="3" branch="false"/>
            <line number="175" hits="3" branch="false"/>
            <line number="176" hits="3" branch="false"/>
            <line number="178" hits="3" branch="false"/>
            <line number="180" hits="3" branch="false"/>
            <line number="181" hits="3" branch="false"/>
            <line number="182" hits="3" branch="false"/>
            <line number="183" hits="3" branch="false"/>
            <line number="184" hits="3" branch="false"/>
            <line number="185" hits="3" branch="false"/>
            <line number="186" hits="3" branch="false"/>
            <line number="187" hits="3" branch="false"/>
            <line number="189" hits="3" branch="false"/>
            <line number="192" hits="2" branch="false"/>
            <line number="193" hits="2" branch="false"/>
            <line number="194" hits="2" branch="false"/>
            <line number="198" hits="1" branch="true" condition-coverage="0% (0/1)"/>
            <line number="199" hits="0" branch="false"/>
          </lines>
        </class>
        <class name="monitoring.ts" filename="src/monitoring.ts" line-rate="0.5" branch-rate="0.3492">
          <methods>
            <method name="describeRecentEvents" hits="4" signature="()V">
              <lines>
                <line number="13" hits="4"/>
              </lines>
            </method>
            <method name="(anonymous_7)" hits="0" signature="()V">
              <lines>
                <line number="30" hits="0"/>
              </lines>
            </method>
            <method name="(anonymous_8)" hits="0" signature="()V">
              <lines>
                <line number="54" hits="0"/>
              </lines>
            </method>
            <method name="(anonymous_9)" hits="0" signature="()V">
              <lines>
                <line number="63" hits="0"/>
              </lines>
            </method>
            <method name="waitForDeploymentCompletion" hits="1" signature="()V">
              <lines>
                <line number="106" hits="1"/>
              </lines>
            </method>
            <method name="(anonymous_11)" hits="0" signature="()V">
              <lines>
                <line number="174" hits="0"/>
              </lines>
            </method>
            <method name="waitForHealthRecovery" hits="4" signature="()V">
              <lines>
                <line number="185" hits="4"/>
              </lines>
            </method>
            <method name="(anonymous_13)" hits="1" signature="()V">
              <lines>
                <line number="249" hits="1"/>
              </lines>
            </method>
          </methods>
          <lines>
            <line number="1" hits="1" branch="false"/>
            <line number="2" hits="1" branch="false"/>
            <line number="20" hits="4" branch="false"/>
            <line number="21" hits="4" branch="false"/>
            <line number="27" hits="0" branch="false"/>
            <line number="29" hits="0" branch="true" condition-coverage="0% (0/3)"/>
            <line number="30" hits="0" branch="false"/>
            <line number="31" hits="0" branch="false"/>
            <line number="32" hits="0" branch="true" condition-coverage="0% (0/1)"/>
            <line number="35" hits="0" branch="true" condition-coverage="0% (0/3)"/>
            <line number="36" hits="0" branch="false"/>
            <line number="40" hits="0" branch="true" condition-coverage="0% (0/3)"/>
            <line number="41" hits="0" branch="false"/>
            <line number="44" hits="0" branch="false"/>
            <line number="47" hits="0" branch="true" condition-coverage="0% (0/1)"/>
            <line number="49" hits="0" branch="true" condition-coverage="0% (0/1)"/>
            <line number="50" hits="0" branch="false"/>
            <line number="54" hits="0" branch="false"/>
            <line number="55" hits="0" branch="true" condition-coverage="0% (0/2)"/>
            <line number="56" hits="0" branch="true" condition-coverage="0% (0/2)"/>
            <line number="57" hits="0" branch="false"/>
            <line number="60" hits="0" branch="false"/>
            <line number="63" hits="0" branch="false"/>
            <line number="64" hits="0" branch="false"/>
            <line number="65" hits="0" branch="true" condition-coverage="0% (0/1)"/>
            <line number="67" hits="0" branch="true" condition-coverage="0% (0/3)"/>
            <line number="68" hits="0" branch="false"/>
            <line number="72" hits="0" branch="true" condition-coverage="0% (0/2)"/>
            <line number="73" hits="0" branch="true" condition-coverage="0% (0/2)"/>
            <line number="74" hits="0" branch="true" condition-coverage="0% (0/2)"/>
            <line number="76" hits="0" branch="true" condition-coverage="0% (0/4)"/>
            <line number="77" hits="0" branch="false"/>
            <line number="78" hits="0" branch="false"/>
            <line number="79" hits="0" branch="true" condition-coverage="0% (0/2)"/>
            <line number="80" hits="0" branch="false"/>
            <line number="82" hits="0" branch="false"/>
            <line number="86" hits="0" branch="true" condition-coverage="0% (0/1)"/>
            <line number="87" hits="0" branch="true" condition-coverage="0% (0/2)"/>
            <line number="88" hits="0" branch="false"/>
            <line number="91" hits="0" branch="false"/>
            <line number="94" hits="0" branch="false"/>
            <line number="97" hits="4" branch="false"/>
            <line number="98" hits="4" branch="false"/>
            <line number="106" hits="1" branch="false"/>
            <line number="114" hits="1" branch="false"/>
            <line number="116" hits="1" branch="false"/>
            <line number="117" hits="1" branch="false"/>
            <line number="122" hits="1" branch="true" condition-coverage="50% (1/2)"/>
            <line number="124" hits="1" branch="false"/>
            <line number="125" hits="1" branch="false"/>
            <line number="130" hits="1" branch="false"/>
            <line number="132" hits="1" branch="true" condition-coverage="100% (3/3)"/>
            <line number="133" hits="1" branch="false"/>
            <line number="134" hits="1" branch="false"/>
            <line number="136" hits="1" branch="true" condition-coverage="100% (1/1)"/>
            <line number="138" hits="1" branch="false"/>
            <line number="145" hits="1" branch="false"/>
            <line number="146" hits="1" branch="true" condition-coverage="100% (2/2)"/>
            <line number="151" hits="0" branch="false"/>
            <line number="159" hits="0" branch="false"/>
            <line number="161" hits="0" branch="true" condition-coverage="0% (0/1)"/>
            <line number="162" hits="0" branch="false"/>
            <line number="168" hits="0" branch="true" condition-coverage="0% (0/1)"/>
            <line number="169" hits="0" branch="false"/>
            <line number="170" hits="0" branch="false"/>
            <line number="174" hits="0" branch="false"/>
            <line number="178" hits="0" branch="false"/>
            <line number="179" hits="0" branch="false"/>
            <line number="185" hits="1" branch="false"/>
            <line number="193" hits="4" branch="false"/>
            <line number="195" hits="4" branch="false"/>
            <line number="196" hits="4" branch="false"/>
            <line number="199" hits="4" branch="false"/>
            <line number="201" hits="4" branch="false"/>
            <line number="202" hits="4" branch="false"/>
            <line number="207" hits="4" branch="false"/>
            <line number="209" hits="4" branch="true" condition-coverage="100% (3/3)"/>
            <line number="210" hits="4" branch="false"/>
            <line number="211" hits="4" branch="false"/>
            <line number="212" hits="4" branch="false"/>
            <line number="214" hits="4" branch="true" condition-coverage="100% (3/3)"/>
            <line number="215" hits="2" branch="false"/>
            <line number="216" hits="2" branch="false"/>
            <line number="219" hits="2" branch="true" condition-coverage="100% (4/4)"/>
            <line number="220" hits="2" branch="false"/>
            <line number="228" hits="2" branch="true" condition-coverage="0% (0/1)"/>
            <line number="229" hits="0" branch="false"/>
            <line number="232" hits="2" branch="true" condition-coverage="0% (0/1)"/>
            <line number="233" hits="0" branch="false"/>
            <line number="238" hits="2" branch="true" condition-coverage="100% (3/3)"/>
            <line number="239" hits="1" branch="false"/>
            <line number="243" hits="1" branch="true" condition-coverage="66.66666666666666% (2/3)"/>
            <line number="244" hits="1" branch="false"/>
            <line number="245" hits="1" branch="false"/>
            <line number="246" hits="1" branch="false"/>
            <line number="249" hits="1" branch="false"/>
            <line number="253" hits="1" branch="false"/>
            <line number="254" hits="1" branch="false"/>
          </lines>
        </class>
        <class name="validations.ts" filename="src/validations.ts" line-rate="0.8687999999999999" branch-rate="0.8823000000000001">
          <methods>
            <method name="validateRequiredInputs" hits="34" signature="()V">
              <lines>
                <line number="25" hits="34"/>
              </lines>
            </method>
            <method name="validateNumericInputs" hits="23" signature="()V">
              <lines>
                <line number="98" hits="23"/>
              </lines>
            </method>
            <method name="validateOptionalInputs" hits="20" signature="()V">
              <lines>
                <line number="160" hits="20"/>
              </lines>
            </method>
            <method name="checkInputConflicts" hits="19" signature="()V">
              <lines>
                <line number="210" hits="19"/>
              </lines>
            </method>
            <method name="validateAllInputs" hits="34" signature="()V">
              <lines>
                <line number="252" hits="34"/>
              </lines>
            </method>
            <method name="parseJsonInput" hits="10" signature="()V">
              <lines>
                <line number="296" hits="10"/>
              </lines>
            </method>
          </methods>
          <lines>
            <line number="1" hits="5" branch="false"/>
            <line number="26" hits="34" branch="false"/>
            <line number="27" hits="34" branch="false"/>
            <line number="28" hits="34" branch="false"/>
            <line number="29" hits="34" branch="true" condition-coverage="100% (2/2)"/>
            <line number="30" hits="34" branch="true" condition-coverage="100% (2/2)"/>
            <line number="33" hits="34" branch="true" condition-coverage="100% (3/3)"/>
            <line number="34" hits="3" branch="false"/>
            <line number="35" hits="3" branch="false"/>
            <line number="38" hits="31" branch="true" condition-coverage="100% (3/3)"/>
            <line number="39" hits="1" branch="false"/>
            <line number="40" hits="1" branch="false"/>
            <line number="44" hits="30" branch="false"/>
            <line number="45" hits="30" branch="true" condition-coverage="100% (1/1)"/>
            <line number="46" hits="1" branch="false"/>
            <line number="47" hits="1" branch="false"/>
            <line number="51" hits="29" branch="true" condition-coverage="100% (1/1)"/>
            <line number="52" hits="6" branch="false"/>
            <line number="53" hits="6" branch="true" condition-coverage="100% (1/1)"/>
            <line number="54" hits="2" branch="false"/>
            <line number="55" hits="2" branch="false"/>
            <line number="59" hits="4" branch="false"/>
            <line number="60" hits="4" branch="true" condition-coverage="100% (1/1)"/>
            <line number="61" hits="4" branch="false"/>
            <line number="62" hits="4" branch="true" condition-coverage="100% (1/1)"/>
            <line number="63" hits="1" branch="false"/>
            <line number="64" hits="1" branch="false"/>
            <line number="70" hits="26" branch="true" condition-coverage="100% (3/3)"/>
            <line number="71" hits="1" branch="false"/>
            <line number="72" hits="1" branch="false"/>
            <line number="76" hits="25" branch="true" condition-coverage="100% (3/3)"/>
            <line number="77" hits="1" branch="false"/>
            <line number="78" hits="1" branch="false"/>
            <line number="82" hits="24" branch="false"/>
            <line number="83" hits="24" branch="true" condition-coverage="100% (1/1)"/>
            <line number="84" hits="1" branch="false"/>
            <line number="85" hits="1" branch="false"/>
            <line number="88" hits="23" branch="false"/>
            <line number="99" hits="23" branch="true" condition-coverage="100% (2/2)"/>
            <line number="100" hits="23" branch="true" condition-coverage="100% (2/2)"/>
            <line number="101" hits="23" branch="true" condition-coverage="100% (2/2)"/>
            <line number="103" hits="23" branch="false"/>
            <line number="104" hits="23" branch="false"/>
            <line number="105" hits="23" branch="false"/>
            <line number="107" hits="23" branch="true" condition-coverage="100% (1/1)"/>
            <line number="108" hits="1" branch="false"/>
            <line number="109" hits="1" branch="false"/>
            <line number="112" hits="22" branch="true" condition-coverage="0% (0/1)"/>
            <line number="113" hits="0" branch="false"/>
            <line number="114" hits="0" branch="false"/>
            <line number="117" hits="22" branch="true" condition-coverage="0% (0/1)"/>
            <line number="118" hits="0" branch="false"/>
            <line number="119" hits="0" branch="false"/>
            <line number="122" hits="22" branch="true" condition-coverage="100% (1/1)"/>
            <line number="123" hits="1" branch="false"/>
            <line number="124" hits="1" branch="false"/>
            <line number="127" hits="21" branch="true" condition-coverage="0% (0/1)"/>
            <line number="128" hits="0" branch="false"/>
            <line number="129" hits="0" branch="false"/>
            <line number="132" hits="21" branch="true" condition-coverage="0% (0/1)"/>
            <line number="133" hits="0" branch="false"/>
            <line number="134" hits="0" branch="false"/>
            <line number="137" hits="21" branch="true" condition-coverage="100% (1/1)"/>
            <line number="138" hits="1" branch="false"/>
            <line number="139" hits="1" branch="false"/>
            <line number="142" hits="20" branch="true" condition-coverage="0% (0/1)"/>
            <line number="143" hits="0" branch="false"/>
            <line number="144" hits="0" branch="false"/>
            <line number="147" hits="20" branch="true" condition-coverage="0% (0/1)"/>
            <line number="148" hits="0" branch="false"/>
            <line number="149" hits="0" branch="false"/>
            <line number="152" hits="20" branch="false"/>
            <line number="161" hits="20" branch="true" condition-coverage="100% (3/3)"/>
            <line number="162" hits="20" branch="false"/>
            <line number="163" hits="20" branch="true" condition-coverage="100% (2/2)"/>
            <line number="164" hits="20" branch="true" condition-coverage="100% (2/2)"/>
            <line number="165" hits="20" branch="true" condition-coverage="100% (2/2)"/>
            <line number="168" hits="20" branch="true" condition-coverage="66.66666666666666% (2/3)"/>
            <line number="169" hits="0" branch="false"/>
            <line number="170" hits="0" branch="false"/>
            <line number="174" hits="20" branch="true" condition-coverage="100% (1/1)"/>
            <line number="175" hits="19" branch="false"/>
            <line number="176" hits="19" branch="false"/>
            <line number="177" hits="18" branch="true" condition-coverage="0% (0/1)"/>
            <line number="178" hits="0" branch="false"/>
            <line number="179" hits="0" branch="false"/>
            <line number="182" hits="1" branch="false"/>
            <line number="183" hits="1" branch="false"/>
            <line number="187" hits="19" branch="false"/>
            <line number="188" hits="19" branch="false"/>
            <line number="189" hits="19" branch="false"/>
            <line number="190" hits="19" branch="false"/>
            <line number="191" hits="19" branch="false"/>
            <line number="192" hits="19" branch="false"/>
            <line number="194" hits="19" branch="false"/>
            <line number="212" hits="19" branch="true" condition-coverage="100% (5/5)"/>
            <line number="214" hits="1" branch="false"/>
            <line number="221" hits="19" branch="true" condition-coverage="100% (3/3)"/>
            <line number="222" hits="1" branch="false"/>
            <line number="229" hits="19" branch="true" condition-coverage="100% (4/4)"/>
            <line number="230" hits="1" branch="false"/>
            <line number="237" hits="19" branch="true" condition-coverage="100% (1/1)"/>
            <line number="238" hits="1" branch="false"/>
            <line number="244" hits="19" branch="true" condition-coverage="100% (1/1)"/>
            <line number="245" hits="9" branch="false"/>
            <line number="252" hits="5" branch="false"/>
            <line number="253" hits="34" branch="false"/>
            <line number="254" hits="34" branch="true" condition-coverage="100% (1/1)"/>
            <line number="255" hits="11" branch="false"/>
            <line number="258" hits="23" branch="false"/>
            <line number="259" hits="23" branch="true" condition-coverage="100% (1/1)"/>
            <line number="260" hits="3" branch="false"/>
            <line number="263" hits="20" branch="false"/>
            <line number="264" hits="20" branch="true" condition-coverage="100% (1/1)"/>
            <line number="265" hits="1" branch="false"/>
            <line number="268" hits="19" branch="false"/>
            <line number="291" hits="19" branch="false"/>
            <line number="293" hits="19" branch="false"/>
            <line number="296" hits="5" branch="false"/>
            <line number="297" hits="10" branch="false"/>
            <line number="298" hits="10" branch="false"/>
            <line number="300" hits="2" branch="false"/>
          </lines>
        </class>
      </classes>
    </package>
    <package name="src.__tests__" line-rate="0" branch-rate="1">
      <classes>
        <class name="setup.ts" filename="src/__tests__/setup.ts" line-rate="0" branch-rate="1">
          <methods>
            <method name="(anonymous_0)" hits="0" signature="()V">
              <lines>
                <line number="4" hits="0"/>
              </lines>
            </method>
            <method name="(anonymous_1)" hits="0" signature="()V">
              <lines>
                <line number="33" hits="0"/>
              </lines>
            </method>
            <method name="(anonymous_2)" hits="0" signature="()V">
              <lines>
                <line number="40" hits="0"/>
              </lines>
            </method>
          </methods>
          <lines>
            <line number="4" hits="0" branch="false"/>
            <line number="23" hits="0" branch="false"/>
            <line number="24" hits="0" branch="false"/>
            <line number="25" hits="0" branch="false"/>
            <line number="26" hits="0" branch="false"/>
            <line number="29" hits="0" branch="false"/>
            <line number="32" hits="0" branch="false"/>
            <line number="33" hits="0" branch="false"/>
            <line number="34" hits="0" branch="false"/>
            <line number="35" hits="0" branch="false"/>
            <line number="36" hits="0" branch="false"/>
            <line number="37" hits="0" branch="false"/>
            <line number="40" hits="0" branch="false"/>
            <line number="41" hits="0" branch="false"/>
            <line number="42" hits="0" branch="false"/>
            <line number="43" hits="0" branch="false"/>
            <line number="44" hits="0" branch="false"/>
          </lines>
        </class>
      </classes>
    </package>
  </packages>
</coverage>
