<?xml version="1.0" ?>
<!DOCTYPE coverage SYSTEM "http://cobertura.sourceforge.net/xml/coverage-04.dtd">
<coverage lines-valid="535" lines-covered="432" line-rate="0.8073999999999999" branches-valid="202" branches-covered="135" branch-rate="0.6683" timestamp="1770416233328" complexity="0" version="0.1">
  <sources>
    <source>/Users/varagave/Documents/GitHub/aws-actions/aws-elasticbeanstalk-deploy/aws-elasticbeanstalk-deploy</source>
  </sources>
  <packages>
    <package name="src" line-rate="0.8339" branch-rate="0.6683">
      <classes>
        <class name="aws-clients.ts" filename="src/aws-clients.ts" line-rate="0.8887999999999999" branch-rate="1">
          <methods>
            <method name="(anonymous_0)" hits="3" signature="()V">
              <lines>
                <line number="18" hits="3"/>
              </lines>
            </method>
            <method name="(anonymous_1)" hits="60" signature="()V">
              <lines>
                <line number="28" hits="60"/>
              </lines>
            </method>
            <method name="(anonymous_2)" hits="0" signature="()V">
              <lines>
                <line number="38" hits="0"/>
              </lines>
            </method>
            <method name="(anonymous_3)" hits="42" signature="()V">
              <lines>
                <line number="42" hits="42"/>
              </lines>
            </method>
            <method name="(anonymous_4)" hits="47" signature="()V">
              <lines>
                <line number="46" hits="47"/>
              </lines>
            </method>
            <method name="(anonymous_5)" hits="8" signature="()V">
              <lines>
                <line number="50" hits="8"/>
              </lines>
            </method>
            <method name="(anonymous_6)" hits="0" signature="()V">
              <lines>
                <line number="54" hits="0"/>
              </lines>
            </method>
          </methods>
          <lines>
            <line number="1" hits="3" branch="false"/>
            <line number="2" hits="3" branch="false"/>
            <line number="3" hits="3" branch="false"/>
            <line number="4" hits="3" branch="false"/>
            <line number="10" hits="3" branch="false"/>
            <line number="11" hits="3" branch="false"/>
            <line number="19" hits="3" branch="false"/>
            <line number="20" hits="3" branch="false"/>
            <line number="21" hits="3" branch="false"/>
            <line number="22" hits="3" branch="false"/>
            <line number="29" hits="60" branch="true" condition-coverage="100% (1/1)"/>
            <line number="30" hits="3" branch="false"/>
            <line number="32" hits="60" branch="false"/>
            <line number="39" hits="0" branch="false"/>
            <line number="43" hits="42" branch="false"/>
            <line number="47" hits="47" branch="false"/>
            <line number="51" hits="8" branch="false"/>
            <line number="55" hits="0" branch="false"/>
          </lines>
        </class>
        <class name="aws-operations.ts" filename="src/aws-operations.ts" line-rate="0.9506" branch-rate="0.7678">
          <methods>
            <method name="validateOptionSettingsForCreate" hits="1" signature="()V">
              <lines>
                <line number="26" hits="1"/>
              </lines>
            </method>
            <method name="retryWithBackoff" hits="38" signature="()V">
              <lines>
                <line number="94" hits="38"/>
              </lines>
            </method>
            <method name="(anonymous_8)" hits="12" signature="()V">
              <lines>
                <line number="111" hits="12"/>
              </lines>
            </method>
            <method name="getAwsAccountId" hits="6" signature="()V">
              <lines>
                <line number="124" hits="6"/>
              </lines>
            </method>
            <method name="(anonymous_10)" hits="8" signature="()V">
              <lines>
                <line number="130" hits="8"/>
              </lines>
            </method>
            <method name="applicationVersionExists" hits="5" signature="()V">
              <lines>
                <line number="144" hits="5"/>
              </lines>
            </method>
            <method name="getVersionS3Location" hits="5" signature="()V">
              <lines>
                <line number="166" hits="5"/>
              </lines>
            </method>
            <method name="environmentExists" hits="8" signature="()V">
              <lines>
                <line number="203" hits="8"/>
              </lines>
            </method>
            <method name="verifyBucketOwnership" hits="14" signature="()V">
              <lines>
                <line number="237" hits="14"/>
              </lines>
            </method>
            <method name="(anonymous_15)" hits="14" signature="()V">
              <lines>
                <line number="250" hits="14"/>
              </lines>
            </method>
            <method name="(anonymous_16)" hits="14" signature="()V">
              <lines>
                <line number="254" hits="14"/>
              </lines>
            </method>
            <method name="uploadToS3" hits="12" signature="()V">
              <lines>
                <line number="266" hits="12"/>
              </lines>
            </method>
            <method name="(anonymous_18)" hits="13" signature="()V">
              <lines>
                <line number="305" hits="13"/>
              </lines>
            </method>
            <method name="createS3Bucket" hits="10" signature="()V">
              <lines>
                <line number="327" hits="10"/>
              </lines>
            </method>
            <method name="(anonymous_20)" hits="10" signature="()V">
              <lines>
                <line number="346" hits="10"/>
              </lines>
            </method>
            <method name="createApplicationVersion" hits="6" signature="()V">
              <lines>
                <line number="373" hits="6"/>
              </lines>
            </method>
            <method name="(anonymous_22)" hits="7" signature="()V">
              <lines>
                <line number="386" hits="7"/>
              </lines>
            </method>
            <method name="updateEnvironment" hits="5" signature="()V">
              <lines>
                <line number="411" hits="5"/>
              </lines>
            </method>
            <method name="(anonymous_24)" hits="4" signature="()V">
              <lines>
                <line number="441" hits="4"/>
              </lines>
            </method>
            <method name="createEnvironment" hits="3" signature="()V">
              <lines>
                <line number="471" hits="3"/>
              </lines>
            </method>
            <method name="(anonymous_26)" hits="3" signature="()V">
              <lines>
                <line number="487" hits="3"/>
              </lines>
            </method>
            <method name="getEnvironmentInfo" hits="5" signature="()V">
              <lines>
                <line number="520" hits="5"/>
              </lines>
            </method>
          </methods>
          <lines>
            <line number="1" hits="3" branch="false"/>
            <line number="2" hits="3" branch="false"/>
            <line number="9" hits="3" branch="false"/>
            <line number="10" hits="3" branch="false"/>
            <line number="11" hits="3" branch="false"/>
            <line number="12" hits="3" branch="false"/>
            <line number="14" hits="3" branch="false"/>
            <line number="20" hits="3" branch="false"/>
            <line number="26" hits="3" branch="false"/>
            <line number="27" hits="1" branch="true" condition-coverage="0% (0/1)"/>
            <line number="28" hits="0" branch="false"/>
            <line number="32" hits="1" branch="false"/>
            <line number="34" hits="1" branch="false"/>
            <line number="35" hits="1" branch="false"/>
            <line number="37" hits="1" branch="false"/>
            <line number="38" hits="2" branch="true" condition-coverage="100% (3/3)"/>
            <line number="40" hits="1" branch="false"/>
            <line number="43" hits="2" branch="true" condition-coverage="100% (3/3)"/>
            <line number="45" hits="1" branch="false"/>
            <line number="49" hits="1" branch="true" condition-coverage="0% (0/1)"/>
            <line number="50" hits="0" branch="false"/>
            <line number="53" hits="1" branch="true" condition-coverage="0% (0/1)"/>
            <line number="54" hits="0" branch="false"/>
            <line number="62" hits="3" branch="false"/>
            <line number="94" hits="3" branch="false"/>
            <line number="102" hits="38" branch="false"/>
            <line number="103" hits="50" branch="false"/>
            <line number="104" hits="50" branch="false"/>
            <line number="106" hits="19" branch="false"/>
            <line number="108" hits="19" branch="true" condition-coverage="100% (1/1)"/>
            <line number="109" hits="12" branch="false"/>
            <line number="110" hits="12" branch="false"/>
            <line number="111" hits="12" branch="false"/>
            <line number="116" hits="7" branch="false"/>
            <line number="117" hits="7" branch="false"/>
            <line number="118" hits="7" branch="false"/>
            <line number="124" hits="3" branch="false"/>
            <line number="129" hits="6" branch="false"/>
            <line number="131" hits="8" branch="false"/>
            <line number="132" hits="8" branch="false"/>
            <line number="133" hits="5" branch="false"/>
            <line number="144" hits="3" branch="false"/>
            <line number="149" hits="5" branch="false"/>
            <line number="150" hits="5" branch="false"/>
            <line number="155" hits="5" branch="false"/>
            <line number="156" hits="4" branch="true" condition-coverage="100% (2/2)"/>
            <line number="158" hits="1" branch="false"/>
            <line number="159" hits="1" branch="false"/>
            <line number="166" hits="3" branch="false"/>
            <line number="171" hits="5" branch="false"/>
            <line number="172" hits="5" branch="false"/>
            <line number="177" hits="5" branch="false"/>
            <line number="179" hits="5" branch="true" condition-coverage="100% (3/3)"/>
            <line number="180" hits="1" branch="false"/>
            <line number="183" hits="4" branch="false"/>
            <line number="184" hits="4" branch="false"/>
            <line number="185" hits="4" branch="false"/>
            <line number="187" hits="4" branch="true" condition-coverage="100% (3/3)"/>
            <line number="188" hits="2" branch="false"/>
            <line number="194" hits="2" branch="false"/>
            <line number="196" hits="3" branch="false"/>
            <line number="203" hits="3" branch="false"/>
            <line number="208" hits="8" branch="false"/>
            <line number="209" hits="8" branch="false"/>
            <line number="214" hits="8" branch="false"/>
            <line number="216" hits="7" branch="true" condition-coverage="100% (3/3)"/>
            <line number="217" hits="4" branch="false"/>
            <line number="218" hits="4" branch="false"/>
            <line number="219" hits="4" branch="false"/>
            <line number="220" hits="4" branch="false"/>
            <line number="222" hits="4" branch="false"/>
            <line number="223" hits="4" branch="false"/>
            <line number="226" hits="3" branch="false"/>
            <line number="227" hits="3" branch="false"/>
            <line number="229" hits="1" branch="false"/>
            <line number="230" hits="1" branch="false"/>
            <line number="237" hits="3" branch="false"/>
            <line number="242" hits="14" branch="false"/>
            <line number="247" hits="14" branch="false"/>
            <line number="250" hits="14" branch="false"/>
            <line number="251" hits="14" branch="false"/>
            <line number="254" hits="14" branch="false"/>
            <line number="255" hits="14" branch="true" condition-coverage="100% (2/2)"/>
            <line number="258" hits="14" branch="true" condition-coverage="0% (0/1)"/>
            <line number="259" hits="0" branch="false"/>
            <line number="266" hits="3" branch="false"/>
            <line number="278" hits="12" branch="true" condition-coverage="100% (2/2)"/>
            <line number="279" hits="12" branch="false"/>
            <line number="280" hits="12" branch="false"/>
            <line number="283" hits="12" branch="false"/>
            <line number="284" hits="12" branch="false"/>
            <line number="285" hits="12" branch="false"/>
            <line number="287" hits="12" branch="true" condition-coverage="100% (1/1)"/>
            <line number="288" hits="2" branch="false"/>
            <line number="289" hits="2" branch="false"/>
            <line number="295" hits="10" branch="true" condition-coverage="100% (2/2)"/>
            <line number="296" hits="3" branch="false"/>
            <line number="298" hits="7" branch="false"/>
            <line number="301" hits="10" branch="false"/>
            <line number="302" hits="10" branch="false"/>
            <line number="304" hits="10" branch="false"/>
            <line number="306" hits="13" branch="false"/>
            <line number="307" hits="13" branch="false"/>
            <line number="313" hits="13" branch="false"/>
            <line number="320" hits="8" branch="false"/>
            <line number="321" hits="8" branch="false"/>
            <line number="327" hits="3" branch="false"/>
            <line number="335" hits="10" branch="false"/>
            <line number="337" hits="10" branch="false"/>
            <line number="338" hits="10" branch="false"/>
            <line number="339" hits="10" branch="false"/>
            <line number="340" hits="4" branch="false"/>
            <line number="341" hits="4" branch="false"/>
            <line number="343" hits="6" branch="false"/>
            <line number="345" hits="6" branch="false"/>
            <line number="347" hits="10" branch="true" condition-coverage="100% (2/2)"/>
            <line number="356" hits="10" branch="false"/>
            <line number="363" hits="3" branch="false"/>
            <line number="367" hits="7" branch="false"/>
            <line number="373" hits="3" branch="false"/>
            <line number="383" hits="6" branch="false"/>
            <line number="385" hits="6" branch="false"/>
            <line number="387" hits="7" branch="false"/>
            <line number="398" hits="7" branch="false"/>
            <line number="405" hits="6" branch="false"/>
            <line number="411" hits="3" branch="false"/>
            <line number="422" hits="5" branch="false"/>
            <line number="428" hits="5" branch="false"/>
            <line number="429" hits="5" branch="true" condition-coverage="100% (1/1)"/>
            <line number="430" hits="4" branch="false"/>
            <line number="431" hits="4" branch="false"/>
            <line number="432" hits="3" branch="true" condition-coverage="100% (1/1)"/>
            <line number="433" hits="3" branch="false"/>
            <line number="436" hits="1" branch="false"/>
            <line number="440" hits="4" branch="false"/>
            <line number="442" hits="4" branch="false"/>
            <line number="450" hits="4" branch="true" condition-coverage="50% (1/2)"/>
            <line number="451" hits="4" branch="false"/>
            <line number="452" hits="0" branch="true" condition-coverage="0% (0/1)"/>
            <line number="453" hits="0" branch="false"/>
            <line number="456" hits="4" branch="false"/>
            <line number="458" hits="4" branch="false"/>
            <line number="465" hits="4" branch="false"/>
            <line number="471" hits="3" branch="false"/>
            <line number="482" hits="3" branch="false"/>
            <line number="484" hits="3" branch="false"/>
            <line number="486" hits="3" branch="false"/>
            <line number="488" hits="3" branch="false"/>
            <line number="497" hits="3" branch="true" condition-coverage="50% (1/2)"/>
            <line number="498" hits="3" branch="false"/>
            <line number="499" hits="0" branch="true" condition-coverage="0% (0/1)"/>
            <line number="500" hits="0" branch="false"/>
            <line number="503" hits="3" branch="false"/>
            <line number="505" hits="3" branch="false"/>
            <line number="512" hits="3" branch="false"/>
            <line number="520" hits="3" branch="false"/>
            <line number="525" hits="5" branch="false"/>
            <line number="530" hits="5" branch="false"/>
            <line number="532" hits="5" branch="true" condition-coverage="100% (3/3)"/>
            <line number="533" hits="1" branch="false"/>
            <line number="536" hits="4" branch="false"/>
            <line number="538" hits="4" branch="false"/>
          </lines>
        </class>
        <class name="deploymentpackage.ts" filename="src/deploymentpackage.ts" line-rate="1" branch-rate="1">
          <methods>
            <method name="createDeploymentPackage" hits="6" signature="()V">
              <lines>
                <line number="12" hits="6"/>
              </lines>
            </method>
            <method name="(anonymous_8)" hits="6" signature="()V">
              <lines>
                <line number="28" hits="6"/>
              </lines>
            </method>
            <method name="(anonymous_9)" hits="6" signature="()V">
              <lines>
                <line number="29" hits="6"/>
              </lines>
            </method>
            <method name="createZipFile" hits="5" signature="()V">
              <lines>
                <line number="41" hits="5"/>
              </lines>
            </method>
            <method name="(anonymous_11)" hits="5" signature="()V">
              <lines>
                <line number="42" hits="5"/>
              </lines>
            </method>
            <method name="(anonymous_12)" hits="5" signature="()V">
              <lines>
                <line number="46" hits="5"/>
              </lines>
            </method>
          </methods>
          <lines>
            <line number="1" hits="1" branch="false"/>
            <line number="2" hits="1" branch="false"/>
            <line number="3" hits="1" branch="false"/>
            <line number="12" hits="1" branch="false"/>
            <line number="19" hits="6" branch="true" condition-coverage="100% (4/4)"/>
            <line number="20" hits="1" branch="false"/>
            <line number="21" hits="1" branch="false"/>
            <line number="23" hits="5" branch="false"/>
            <line number="24" hits="5" branch="false"/>
            <line number="26" hits="5" branch="false"/>
            <line number="28" hits="6" branch="false"/>
            <line number="29" hits="6" branch="false"/>
            <line number="31" hits="5" branch="false"/>
            <line number="32" hits="5" branch="false"/>
            <line number="35" hits="6" branch="false"/>
            <line number="42" hits="5" branch="false"/>
            <line number="43" hits="5" branch="false"/>
            <line number="44" hits="5" branch="false"/>
            <line number="46" hits="5" branch="false"/>
            <line number="47" hits="5" branch="false"/>
            <line number="49" hits="5" branch="false"/>
            <line number="50" hits="5" branch="false"/>
            <line number="51" hits="5" branch="false"/>
          </lines>
        </class>
        <class name="main.ts" filename="src/main.ts" line-rate="0.9222" branch-rate="0.7272">
          <methods>
            <method name="run" hits="6" signature="()V">
              <lines>
                <line number="19" hits="6"/>
              </lines>
            </method>
          </methods>
          <lines>
            <line number="1" hits="1" branch="false"/>
            <line number="2" hits="1" branch="false"/>
            <line number="3" hits="1" branch="false"/>
            <line number="4" hits="1" branch="false"/>
            <line number="5" hits="1" branch="false"/>
            <line number="17" hits="1" branch="false"/>
            <line number="19" hits="1" branch="false"/>
            <line number="20" hits="6" branch="false"/>
            <line number="22" hits="6" branch="false"/>
            <line number="23" hits="6" branch="false"/>
            <line number="25" hits="6" branch="false"/>
            <line number="26" hits="6" branch="true" condition-coverage="100% (1/1)"/>
            <line number="27" hits="1" branch="false"/>
            <line number="37" hits="5" branch="false"/>
            <line number="39" hits="5" branch="false"/>
            <line number="40" hits="5" branch="false"/>
            <line number="41" hits="5" branch="false"/>
            <line number="42" hits="5" branch="false"/>
            <line number="43" hits="5" branch="false"/>
            <line number="44" hits="5" branch="false"/>
            <line number="47" hits="5" branch="false"/>
            <line number="49" hits="5" branch="false"/>
            <line number="50" hits="5" branch="false"/>
            <line number="51" hits="4" branch="false"/>
            <line number="52" hits="4" branch="false"/>
            <line number="54" hits="4" branch="false"/>
            <line number="55" hits="4" branch="false"/>
            <line number="60" hits="4" branch="false"/>
            <line number="65" hits="4" branch="true" condition-coverage="100% (2/2)"/>
            <line number="67" hits="4" branch="true" condition-coverage="100% (2/2)"/>
            <line number="68" hits="3" branch="false"/>
            <line number="69" hits="3" branch="false"/>
            <line number="81" hits="3" branch="false"/>
            <line number="82" hits="3" branch="false"/>
            <line number="83" hits="3" branch="false"/>
            <line number="85" hits="3" branch="false"/>
            <line number="86" hits="3" branch="false"/>
            <line number="96" hits="3" branch="false"/>
            <line number="98" hits="1" branch="false"/>
            <line number="99" hits="1" branch="false"/>
            <line number="100" hits="1" branch="false"/>
            <line number="101" hits="1" branch="false"/>
            <line number="102" hits="1" branch="false"/>
            <line number="103" hits="1" branch="false"/>
            <line number="106" hits="4" branch="false"/>
            <line number="107" hits="4" branch="false"/>
            <line number="112" hits="4" branch="false"/>
            <line number="115" hits="4" branch="false"/>
            <line number="117" hits="4" branch="true" condition-coverage="100% (2/2)"/>
            <line number="118" hits="2" branch="false"/>
            <line number="119" hits="2" branch="false"/>
            <line number="130" hits="2" branch="false"/>
            <line number="131" hits="2" branch="false"/>
            <line number="133" hits="2" branch="true" condition-coverage="100% (1/1)"/>
            <line number="134" hits="1" branch="false"/>
            <line number="138" hits="1" branch="false"/>
            <line number="140" hits="1" branch="false"/>
            <line number="142" hits="1" branch="false"/>
            <line number="153" hits="1" branch="false"/>
            <line number="154" hits="1" branch="false"/>
            <line number="158" hits="3" branch="true" condition-coverage="0% (0/1)"/>
            <line number="159" hits="0" branch="false"/>
            <line number="160" hits="0" branch="false"/>
            <line number="161" hits="0" branch="false"/>
            <line number="163" hits="3" branch="true" condition-coverage="0% (0/1)"/>
            <line number="164" hits="0" branch="false"/>
            <line number="165" hits="0" branch="false"/>
            <line number="166" hits="0" branch="false"/>
            <line number="169" hits="3" branch="false"/>
            <line number="171" hits="3" branch="false"/>
            <line number="172" hits="3" branch="false"/>
            <line number="173" hits="3" branch="false"/>
            <line number="174" hits="3" branch="false"/>
            <line number="175" hits="3" branch="false"/>
            <line number="176" hits="3" branch="false"/>
            <line number="178" hits="3" branch="false"/>
            <line number="180" hits="3" branch="false"/>
            <line number="181" hits="3" branch="false"/>
            <line number="182" hits="3" branch="false"/>
            <line number="183" hits="3" branch="false"/>
            <line number="184" hits="3" branch="false"/>
            <line number="185" hits="3" branch="false"/>
            <line number="186" hits="3" branch="false"/>
            <line number="187" hits="3" branch="false"/>
            <line number="189" hits="3" branch="false"/>
            <line number="192" hits="2" branch="false"/>
            <line number="193" hits="2" branch="false"/>
            <line number="194" hits="2" branch="false"/>
            <line number="198" hits="1" branch="true" condition-coverage="0% (0/1)"/>
            <line number="199" hits="0" branch="false"/>
          </lines>
        </class>
        <class name="monitoring.ts" filename="src/monitoring.ts" line-rate="0.4854" branch-rate="0.3064">
          <methods>
            <method name="describeRecentEvents" hits="4" signature="()V">
              <lines>
                <line number="14" hits="4"/>
              </lines>
            </method>
            <method name="(anonymous_7)" hits="0" signature="()V">
              <lines>
                <line number="34" hits="0"/>
              </lines>
            </method>
            <method name="(anonymous_8)" hits="0" signature="()V">
              <lines>
                <line number="58" hits="0"/>
              </lines>
            </method>
            <method name="(anonymous_9)" hits="0" signature="()V">
              <lines>
                <line number="68" hits="0"/>
              </lines>
            </method>
            <method name="waitForDeploymentCompletion" hits="1" signature="()V">
              <lines>
                <line number="115" hits="1"/>
              </lines>
            </method>
            <method name="(anonymous_11)" hits="0" signature="()V">
              <lines>
                <line number="186" hits="0"/>
              </lines>
            </method>
            <method name="waitForHealthRecovery" hits="4" signature="()V">
              <lines>
                <line number="197" hits="4"/>
              </lines>
            </method>
            <method name="(anonymous_13)" hits="1" signature="()V">
              <lines>
                <line number="291" hits="1"/>
              </lines>
            </method>
          </methods>
          <lines>
            <line number="1" hits="1" branch="false"/>
            <line number="2" hits="1" branch="false"/>
            <line number="21" hits="4" branch="false"/>
            <line number="22" hits="4" branch="false"/>
            <line number="28" hits="0" branch="false"/>
            <line number="30" hits="0" branch="true" condition-coverage="0% (0/3)"/>
            <line number="34" hits="0" branch="false"/>
            <line number="35" hits="0" branch="false"/>
            <line number="36" hits="0" branch="true" condition-coverage="0% (0/1)"/>
            <line number="39" hits="0" branch="true" condition-coverage="0% (0/3)"/>
            <line number="40" hits="0" branch="false"/>
            <line number="44" hits="0" branch="true" condition-coverage="0% (0/3)"/>
            <line number="45" hits="0" branch="false"/>
            <line number="48" hits="0" branch="false"/>
            <line number="51" hits="0" branch="true" condition-coverage="0% (0/1)"/>
            <line number="53" hits="0" branch="true" condition-coverage="0% (0/1)"/>
            <line number="54" hits="0" branch="false"/>
            <line number="58" hits="0" branch="false"/>
            <line number="59" hits="0" branch="true" condition-coverage="0% (0/2)"/>
            <line number="60" hits="0" branch="true" condition-coverage="0% (0/2)"/>
            <line number="61" hits="0" branch="false"/>
            <line number="65" hits="0" branch="false"/>
            <line number="68" hits="0" branch="false"/>
            <line number="69" hits="0" branch="false"/>
            <line number="70" hits="0" branch="true" condition-coverage="0% (0/1)"/>
            <line number="72" hits="0" branch="true" condition-coverage="0% (0/3)"/>
            <line number="73" hits="0" branch="false"/>
            <line number="77" hits="0" branch="true" condition-coverage="0% (0/2)"/>
            <line number="78" hits="0" branch="true" condition-coverage="0% (0/2)"/>
            <line number="79" hits="0" branch="true" condition-coverage="0% (0/2)"/>
            <line number="81" hits="0" branch="true" condition-coverage="0% (0/4)"/>
            <line number="82" hits="0" branch="false"/>
            <line number="83" hits="0" branch="false"/>
            <line number="84" hits="0" branch="true" condition-coverage="0% (0/2)"/>
            <line number="85" hits="0" branch="false"/>
            <line number="87" hits="0" branch="false"/>
            <line number="92" hits="0" branch="true" condition-coverage="0% (0/1)"/>
            <line number="93" hits="0" branch="true" condition-coverage="0% (0/2)"/>
            <line number="94" hits="0" branch="false"/>
            <line number="97" hits="0" branch="false"/>
            <line number="102" hits="0" branch="false"/>
            <line number="106" hits="4" branch="false"/>
            <line number="107" hits="4" branch="false"/>
            <line number="115" hits="1" branch="false"/>
            <line number="123" hits="1" branch="false"/>
            <line number="125" hits="1" branch="false"/>
            <line number="126" hits="1" branch="false"/>
            <line number="131" hits="1" branch="true" condition-coverage="50% (1/2)"/>
            <line number="133" hits="1" branch="false"/>
            <line number="134" hits="1" branch="false"/>
            <line number="139" hits="1" branch="false"/>
            <line number="141" hits="1" branch="true" condition-coverage="100% (3/3)"/>
            <line number="142" hits="1" branch="false"/>
            <line number="143" hits="1" branch="false"/>
            <line number="145" hits="1" branch="true" condition-coverage="100% (1/1)"/>
            <line number="147" hits="1" branch="false"/>
            <line number="154" hits="1" branch="false"/>
            <line number="155" hits="1" branch="true" condition-coverage="100% (2/2)"/>
            <line number="160" hits="0" branch="false"/>
            <line number="170" hits="0" branch="false"/>
            <line number="172" hits="0" branch="true" condition-coverage="0% (0/1)"/>
            <line number="173" hits="0" branch="false"/>
            <line number="179" hits="0" branch="true" condition-coverage="0% (0/1)"/>
            <line number="180" hits="0" branch="false"/>
            <line number="181" hits="0" branch="false"/>
            <line number="186" hits="0" branch="false"/>
            <line number="190" hits="0" branch="false"/>
            <line number="191" hits="0" branch="false"/>
            <line number="197" hits="1" branch="false"/>
            <line number="205" hits="4" branch="false"/>
            <line number="207" hits="4" branch="false"/>
            <line number="208" hits="4" branch="false"/>
            <line number="211" hits="4" branch="false"/>
            <line number="213" hits="4" branch="false"/>
            <line number="214" hits="4" branch="false"/>
            <line number="219" hits="4" branch="false"/>
            <line number="221" hits="4" branch="true" condition-coverage="100% (3/3)"/>
            <line number="222" hits="4" branch="false"/>
            <line number="223" hits="4" branch="false"/>
            <line number="224" hits="4" branch="false"/>
            <line number="229" hits="4" branch="true" condition-coverage="66.66666666666666% (2/3)"/>
            <line number="230" hits="0" branch="false"/>
            <line number="240" hits="0" branch="false"/>
            <line number="242" hits="0" branch="true" condition-coverage="0% (0/1)"/>
            <line number="243" hits="0" branch="false"/>
            <line number="249" hits="4" branch="true" condition-coverage="100% (3/3)"/>
            <line number="250" hits="2" branch="false"/>
            <line number="251" hits="2" branch="false"/>
            <line number="256" hits="2" branch="true" condition-coverage="100% (1/1)"/>
            <line number="257" hits="2" branch="false"/>
            <line number="266" hits="2" branch="true" condition-coverage="0% (0/1)"/>
            <line number="267" hits="0" branch="false"/>
            <line number="270" hits="2" branch="true" condition-coverage="0% (0/1)"/>
            <line number="271" hits="0" branch="false"/>
            <line number="277" hits="2" branch="true" condition-coverage="100% (1/1)"/>
            <line number="278" hits="1" branch="false"/>
            <line number="283" hits="1" branch="true" condition-coverage="66.66666666666666% (2/3)"/>
            <line number="284" hits="1" branch="false"/>
            <line number="285" hits="1" branch="false"/>
            <line number="286" hits="1" branch="false"/>
            <line number="291" hits="1" branch="false"/>
            <line number="295" hits="1" branch="false"/>
            <line number="296" hits="1" branch="false"/>
          </lines>
        </class>
        <class name="validations.ts" filename="src/validations.ts" line-rate="0.8687999999999999" branch-rate="0.8823000000000001">
          <methods>
            <method name="validateRequiredInputs" hits="34" signature="()V">
              <lines>
                <line number="25" hits="34"/>
              </lines>
            </method>
            <method name="validateNumericInputs" hits="23" signature="()V">
              <lines>
                <line number="98" hits="23"/>
              </lines>
            </method>
            <method name="validateOptionalInputs" hits="20" signature="()V">
              <lines>
                <line number="160" hits="20"/>
              </lines>
            </method>
            <method name="checkInputConflicts" hits="19" signature="()V">
              <lines>
                <line number="210" hits="19"/>
              </lines>
            </method>
            <method name="validateAllInputs" hits="34" signature="()V">
              <lines>
                <line number="252" hits="34"/>
              </lines>
            </method>
            <method name="parseJsonInput" hits="10" signature="()V">
              <lines>
                <line number="296" hits="10"/>
              </lines>
            </method>
          </methods>
          <lines>
            <line number="1" hits="5" branch="false"/>
            <line number="26" hits="34" branch="false"/>
            <line number="27" hits="34" branch="false"/>
            <line number="28" hits="34" branch="false"/>
            <line number="29" hits="34" branch="true" condition-coverage="100% (2/2)"/>
            <line number="30" hits="34" branch="true" condition-coverage="100% (2/2)"/>
            <line number="33" hits="34" branch="true" condition-coverage="100% (3/3)"/>
            <line number="34" hits="3" branch="false"/>
            <line number="35" hits="3" branch="false"/>
            <line number="38" hits="31" branch="true" condition-coverage="100% (3/3)"/>
            <line number="39" hits="1" branch="false"/>
            <line number="40" hits="1" branch="false"/>
            <line number="44" hits="30" branch="false"/>
            <line number="45" hits="30" branch="true" condition-coverage="100% (1/1)"/>
            <line number="46" hits="1" branch="false"/>
            <line number="47" hits="1" branch="false"/>
            <line number="51" hits="29" branch="true" condition-coverage="100% (1/1)"/>
            <line number="52" hits="6" branch="false"/>
            <line number="53" hits="6" branch="true" condition-coverage="100% (1/1)"/>
            <line number="54" hits="2" branch="false"/>
            <line number="55" hits="2" branch="false"/>
            <line number="59" hits="4" branch="false"/>
            <line number="60" hits="4" branch="true" condition-coverage="100% (1/1)"/>
            <line number="61" hits="4" branch="false"/>
            <line number="62" hits="4" branch="true" condition-coverage="100% (1/1)"/>
            <line number="63" hits="1" branch="false"/>
            <line number="64" hits="1" branch="false"/>
            <line number="70" hits="26" branch="true" condition-coverage="100% (3/3)"/>
            <line number="71" hits="1" branch="false"/>
            <line number="72" hits="1" branch="false"/>
            <line number="76" hits="25" branch="true" condition-coverage="100% (3/3)"/>
            <line number="77" hits="1" branch="false"/>
            <line number="78" hits="1" branch="false"/>
            <line number="82" hits="24" branch="false"/>
            <line number="83" hits="24" branch="true" condition-coverage="100% (1/1)"/>
            <line number="84" hits="1" branch="false"/>
            <line number="85" hits="1" branch="false"/>
            <line number="88" hits="23" branch="false"/>
            <line number="99" hits="23" branch="true" condition-coverage="100% (2/2)"/>
            <line number="100" hits="23" branch="true" condition-coverage="100% (2/2)"/>
            <line number="101" hits="23" branch="true" condition-coverage="100% (2/2)"/>
            <line number="103" hits="23" branch="false"/>
            <line number="104" hits="23" branch="false"/>
            <line number="105" hits="23" branch="false"/>
            <line number="107" hits="23" branch="true" condition-coverage="100% (1/1)"/>
            <line number="108" hits="1" branch="false"/>
            <line number="109" hits="1" branch="false"/>
            <line number="112" hits="22" branch="true" condition-coverage="0% (0/1)"/>
            <line number="113" hits="0" branch="false"/>
            <line number="114" hits="0" branch="false"/>
            <line number="117" hits="22" branch="true" condition-coverage="0% (0/1)"/>
            <line number="118" hits="0" branch="false"/>
            <line number="119" hits="0" branch="false"/>
            <line number="122" hits="22" branch="true" condition-coverage="100% (1/1)"/>
            <line number="123" hits="1" branch="false"/>
            <line number="124" hits="1" branch="false"/>
            <line number="127" hits="21" branch="true" condition-coverage="0% (0/1)"/>
            <line number="128" hits="0" branch="false"/>
            <line number="129" hits="0" branch="false"/>
            <line number="132" hits="21" branch="true" condition-coverage="0% (0/1)"/>
            <line number="133" hits="0" branch="false"/>
            <line number="134" hits="0" branch="false"/>
            <line number="137" hits="21" branch="true" condition-coverage="100% (1/1)"/>
            <line number="138" hits="1" branch="false"/>
            <line number="139" hits="1" branch="false"/>
            <line number="142" hits="20" branch="true" condition-coverage="0% (0/1)"/>
            <line number="143" hits="0" branch="false"/>
            <line number="144" hits="0" branch="false"/>
            <line number="147" hits="20" branch="true" condition-coverage="0% (0/1)"/>
            <line number="148" hits="0" branch="false"/>
            <line number="149" hits="0" branch="false"/>
            <line number="152" hits="20" branch="false"/>
            <line number="161" hits="20" branch="true" condition-coverage="100% (3/3)"/>
            <line number="162" hits="20" branch="false"/>
            <line number="163" hits="20" branch="true" condition-coverage="100% (2/2)"/>
            <line number="164" hits="20" branch="true" condition-coverage="100% (2/2)"/>
            <line number="165" hits="20" branch="true" condition-coverage="100% (2/2)"/>
            <line number="168" hits="20" branch="true" condition-coverage="66.66666666666666% (2/3)"/>
            <line number="169" hits="0" branch="false"/>
            <line number="170" hits="0" branch="false"/>
            <line number="174" hits="20" branch="true" condition-coverage="100% (1/1)"/>
            <line number="175" hits="19" branch="false"/>
            <line number="176" hits="19" branch="false"/>
            <line number="177" hits="18" branch="true" condition-coverage="0% (0/1)"/>
            <line number="178" hits="0" branch="false"/>
            <line number="179" hits="0" branch="false"/>
            <line number="182" hits="1" branch="false"/>
            <line number="183" hits="1" branch="false"/>
            <line number="187" hits="19" branch="false"/>
            <line number="188" hits="19" branch="false"/>
            <line number="189" hits="19" branch="false"/>
            <line number="190" hits="19" branch="false"/>
            <line number="191" hits="19" branch="false"/>
            <line number="192" hits="19" branch="false"/>
            <line number="194" hits="19" branch="false"/>
            <line number="212" hits="19" branch="true" condition-coverage="100% (5/5)"/>
            <line number="214" hits="1" branch="false"/>
            <line number="221" hits="19" branch="true" condition-coverage="100% (3/3)"/>
            <line number="222" hits="1" branch="false"/>
            <line number="229" hits="19" branch="true" condition-coverage="100% (4/4)"/>
            <line number="230" hits="1" branch="false"/>
            <line number="237" hits="19" branch="true" condition-coverage="100% (1/1)"/>
            <line number="238" hits="1" branch="false"/>
            <line number="244" hits="19" branch="true" condition-coverage="100% (1/1)"/>
            <line number="245" hits="9" branch="false"/>
            <line number="252" hits="5" branch="false"/>
            <line number="253" hits="34" branch="false"/>
            <line number="254" hits="34" branch="true" condition-coverage="100% (1/1)"/>
            <line number="255" hits="11" branch="false"/>
            <line number="258" hits="23" branch="false"/>
            <line number="259" hits="23" branch="true" condition-coverage="100% (1/1)"/>
            <line number="260" hits="3" branch="false"/>
            <line number="263" hits="20" branch="false"/>
            <line number="264" hits="20" branch="true" condition-coverage="100% (1/1)"/>
            <line number="265" hits="1" branch="false"/>
            <line number="268" hits="19" branch="false"/>
            <line number="291" hits="19" branch="false"/>
            <line number="293" hits="19" branch="false"/>
            <line number="296" hits="5" branch="false"/>
            <line number="297" hits="10" branch="false"/>
            <line number="298" hits="10" branch="false"/>
            <line number="300" hits="2" branch="false"/>
          </lines>
        </class>
      </classes>
    </package>
    <package name="src.__tests__" line-rate="0" branch-rate="1">
      <classes>
        <class name="setup.ts" filename="src/__tests__/setup.ts" line-rate="0" branch-rate="1">
          <methods>
            <method name="(anonymous_0)" hits="0" signature="()V">
              <lines>
                <line number="4" hits="0"/>
              </lines>
            </method>
            <method name="(anonymous_1)" hits="0" signature="()V">
              <lines>
                <line number="33" hits="0"/>
              </lines>
            </method>
            <method name="(anonymous_2)" hits="0" signature="()V">
              <lines>
                <line number="40" hits="0"/>
              </lines>
            </method>
          </methods>
          <lines>
            <line number="4" hits="0" branch="false"/>
            <line number="23" hits="0" branch="false"/>
            <line number="24" hits="0" branch="false"/>
            <line number="25" hits="0" branch="false"/>
            <line number="26" hits="0" branch="false"/>
            <line number="29" hits="0" branch="false"/>
            <line number="32" hits="0" branch="false"/>
            <line number="33" hits="0" branch="false"/>
            <line number="34" hits="0" branch="false"/>
            <line number="35" hits="0" branch="false"/>
            <line number="36" hits="0" branch="false"/>
            <line number="37" hits="0" branch="false"/>
            <line number="40" hits="0" branch="false"/>
            <line number="41" hits="0" branch="false"/>
            <line number="42" hits="0" branch="false"/>
            <line number="43" hits="0" branch="false"/>
            <line number="44" hits="0" branch="false"/>
          </lines>
        </class>
      </classes>
    </package>
  </packages>
</coverage>
